2021-10-11 15:45:50,278:app.py:<module>:app is booted
2021-10-11 15:45:50,283:app.py:<module>:handlers added
2021-10-11 15:45:50,343:app.py:<module>:scheduler started
2021-10-11 15:46:56,479:app.py:<module>:app is booted
2021-10-11 15:46:56,483:app.py:<module>:handlers added
2021-10-11 15:46:56,529:app.py:<module>:scheduler started
2021-10-11 15:46:57,773:routes.py:get:displayed index.html webapp screen
2021-10-11 15:47:59,436:routes.py:get:displayed form.html visual input App
2021-10-11 15:48:00,340:routes.py:get:displayed api.html explaination screen
2021-10-11 15:48:01,053:routes.py:get:displayed docu.html documentation
2021-10-11 15:48:02,472:routes.py:get:displayed api.html explaination screen
2021-10-11 15:48:02,939:routes.py:get:displayed form.html visual input App
2021-10-11 15:48:04,135:routes.py:get:displayed docu.html documentation
2021-10-11 15:48:54,911:routes.py:get:displayed index.html webapp screen
2021-10-11 15:49:15,143:routes.py:get:displayed docu.html documentation
2021-10-11 15:54:10,090:app.py:<module>:app is booted
2021-10-11 15:54:10,094:app.py:<module>:handlers added
2021-10-11 15:54:10,130:app.py:<module>:scheduler started
2021-10-11 15:54:12,948:routes.py:get:displayed index.html webapp screen
2021-10-11 15:54:16,018:routes.py:get:displayed api.html explaination screen
2021-10-11 15:55:22,748:routes.py:get:displayed index.html webapp screen
2021-10-11 15:55:27,279:routes.py:get:displayed form.html visual input App
2021-10-11 15:55:28,005:routes.py:get:displayed index.html webapp screen
2021-10-11 15:55:33,992:routes.py:get:displayed docu.html documentation
2021-10-11 15:55:34,510:routes.py:get:displayed index.html webapp screen
2021-10-11 15:55:36,177:routes.py:get:displayed docu.html documentation
2021-10-11 15:55:36,526:routes.py:get:displayed api.html explaination screen
2021-10-11 15:55:37,489:routes.py:get:displayed index.html webapp screen
2021-10-11 15:55:47,033:routes.py:get:displayed form.html visual input App
2021-10-11 15:55:47,925:routes.py:get:displayed api.html explaination screen
2021-10-11 15:55:50,295:routes.py:get:displayed docu.html documentation
2021-10-11 15:55:50,819:routes.py:get:displayed api.html explaination screen
2021-10-11 15:57:43,640:app.py:<module>:app is booted
2021-10-11 15:57:43,644:app.py:<module>:handlers added
2021-10-11 15:57:43,684:app.py:<module>:scheduler started
2021-10-11 15:57:46,477:routes.py:get:displayed index.html webapp screen
2021-10-11 15:58:09,024:routes.py:get:displayed api.html explaination screen
2021-10-11 15:58:52,000:routes.py:get:displayed form.html visual input App
2021-10-11 15:58:55,159:routes.py:get:displayed docu.html documentation
2021-10-11 15:58:57,213:routes.py:get:displayed api.html explaination screen
2021-10-11 15:58:57,729:routes.py:get:displayed form.html visual input App
2021-10-11 15:58:58,362:routes.py:get:displayed index.html webapp screen
2021-10-11 15:58:59,378:routes.py:get:displayed form.html visual input App
2021-10-11 15:58:59,832:routes.py:get:displayed api.html explaination screen
2021-10-11 15:59:00,257:routes.py:get:displayed docu.html documentation
2021-10-11 15:59:15,228:routes.py:get:displayed docu.html documentation
2021-10-11 16:01:01,571:app.py:<module>:app is booted
2021-10-11 16:01:01,575:app.py:<module>:handlers added
2021-10-11 16:01:01,616:app.py:<module>:scheduler started
2021-10-11 16:01:04,216:routes.py:get:displayed index.html webapp screen
2021-10-11 16:01:07,065:routes.py:get:displayed form.html visual input App
2021-10-11 16:01:09,316:routes.py:get:displayed api.html explaination screen
2021-10-11 16:01:11,593:routes.py:get:displayed form.html visual input App
2021-10-11 16:01:12,269:routes.py:get:displayed index.html webapp screen
2021-10-11 16:01:12,991:routes.py:get:displayed form.html visual input App
2021-10-11 16:01:13,712:routes.py:get:displayed api.html explaination screen
2021-10-11 16:01:16,019:routes.py:get:displayed form.html visual input App
2021-10-11 16:02:45,033:routes.py:get:displayed api.html explaination screen
2021-10-13 17:33:27,420:app.py:<module>:app is booted
2021-10-13 17:33:27,424:app.py:<module>:handlers added
2021-10-13 17:33:27,769:app.py:<module>:scheduler started
2021-10-13 17:33:30,948:routes.py:get:displayed index.html webapp screen
2021-10-13 17:33:33,648:routes.py:get:displayed api.html explaination screen
2021-10-13 17:33:34,661:routes.py:get:handling get request in /api/ directory: <Request 'http://127.0.0.1:5000/api/?lat=50.9917119&long=10.2136589&stdate=28.10.2021&sttime=06:45&endate=29.10.2021&entime=23:59&dur=180' [GET]>
2021-10-13 17:33:34,665:common.py:merge_date_and_time:merged 28.10.2021 and 06:45 to 28/10/2021 06:45:00
2021-10-13 17:33:34,665:common.py:merge_date_and_time:merged 29.10.2021 and 23:59 to 29/10/2021 23:59:00
2021-10-13 17:33:34,669:inputvalidation.py:start_after_end:validation, 28/10/2021 06:45:00 is after 29/10/2021 23:59:00 = False
2021-10-13 17:33:34,670:inputvalidation.py:start_in_past:validation: 28/10/2021 06:45:00 is before now = True
2021-10-13 17:33:34,670:inputvalidation.py:time_le_dur:validation: 180min. fits between 28/10/2021 06:45:00 and 29/10/2021 23:59:00 = True
2021-10-13 17:33:34,670:inputvalidation.py:invalid_geo:validation user geo coordinates
2021-10-13 17:33:34,858:inputvalidation.py:invalid_geo:google geo valiadation failed, please check api key first, list index out of range
2021-10-13 17:33:34,858:routes.py:get:send response for API call: ({'error': 'enter german coodrinates'}, 406)
2021-10-13 17:34:48,831:app.py:<module>:app is booted
2021-10-13 17:34:48,836:app.py:<module>:handlers added
2021-10-13 17:34:49,160:app.py:<module>:scheduler started
2021-10-13 17:34:52,056:routes.py:get:displayed index.html webapp screen
2021-10-13 17:34:52,858:routes.py:get:displayed form.html visual input App
2021-10-13 17:34:53,925:routes.py:get:displayed api.html explaination screen
2021-10-13 17:34:55,121:routes.py:get:handling get request in /api/ directory: <Request 'http://127.0.0.1:5000/api/?lat=50.9917119&long=10.2136589&stdate=28.10.2021&sttime=06:45&endate=29.10.2021&entime=23:59&dur=180' [GET]>
2021-10-13 17:34:55,122:common.py:merge_date_and_time:merged 28.10.2021 and 06:45 to 28/10/2021 06:45:00
2021-10-13 17:34:55,123:common.py:merge_date_and_time:merged 29.10.2021 and 23:59 to 29/10/2021 23:59:00
2021-10-13 17:34:55,127:inputvalidation.py:start_after_end:validation, 28/10/2021 06:45:00 is after 29/10/2021 23:59:00 = False
2021-10-13 17:34:55,128:inputvalidation.py:start_in_past:validation: 28/10/2021 06:45:00 is before now = True
2021-10-13 17:34:55,128:inputvalidation.py:time_le_dur:validation: 180min. fits between 28/10/2021 06:45:00 and 29/10/2021 23:59:00 = True
2021-10-13 17:34:55,128:inputvalidation.py:invalid_geo:validation user geo coordinates
2021-10-13 17:34:55,295:inputvalidation.py:invalid_geo:google geo valiadation failed, please check api key first, list index out of range
2021-10-13 17:34:55,295:routes.py:get:send response for API call: ({'error': 'enter german coodrinates'}, 406)
2021-10-13 17:40:13,585:app.py:<module>:app is booted
2021-10-13 17:40:13,588:app.py:<module>:handlers added
2021-10-13 17:40:13,882:app.py:<module>:scheduler started
2021-10-13 17:40:20,176:routes.py:get:displayed form.html visual input App
2021-10-13 17:40:20,934:routes.py:get:displayed api.html explaination screen
2021-10-13 17:40:22,336:routes.py:get:handling get request in /api/ directory: <Request 'http://127.0.0.1:5000/api/?lat=50.9917119&long=10.2136589&stdate=28.10.2021&sttime=06:45&endate=29.10.2021&entime=23:59&dur=180' [GET]>
2021-10-13 17:40:22,337:common.py:merge_date_and_time:merged 28.10.2021 and 06:45 to 28/10/2021 06:45:00
2021-10-13 17:40:22,337:common.py:merge_date_and_time:merged 29.10.2021 and 23:59 to 29/10/2021 23:59:00
2021-10-13 17:40:22,344:inputvalidation.py:start_after_end:validation, 28/10/2021 06:45:00 is after 29/10/2021 23:59:00 = False
2021-10-13 17:40:22,344:inputvalidation.py:start_in_past:validation: 28/10/2021 06:45:00 is before now = True
2021-10-13 17:40:22,345:inputvalidation.py:time_le_dur:validation: 180min. fits between 28/10/2021 06:45:00 and 29/10/2021 23:59:00 = True
2021-10-13 17:40:22,346:inputvalidation.py:invalid_geo:validation user geo coordinates
2021-10-13 17:40:22,499:inputvalidation.py:invalid_geo:geo validation: (50.9917119/10.2136589) is a german location
2021-10-13 17:40:22,499:common.py:str_to_datetime:converted string (28/10/2021 06:45:00) to datetime object (2021-10-28 06:45:00)
2021-10-13 17:40:22,525:common.py:last_training_date:returnes last available date (2021-09-14 23:45:00) for training date type production
2021-10-13 17:40:22,528:common.py:datetime_str_to_lag:converted datetime as string (28/10/2021 06:45:00) into 4155. lag timeframe
2021-10-13 17:40:22,531:common.py:last_training_date:returnes last available date (2021-09-14 23:45:00) for training date type production
2021-10-13 17:40:22,532:common.py:datetime_str_to_lag:converted datetime as string (29/10/2021 23:59:00) into 4319. lag timeframe
2021-10-13 17:40:22,532:common.py:get_latest_file:returned name of newest file (3.pickles) from Ressources\Models\ModelsAutoRegression\ModelsAutoRegressionProduction\
2021-10-13 17:40:23,041:predictor.py:_get_prediction:ar model prediction type production created
2021-10-13 17:40:23,100:common.py:last_training_date:returnes last available date (2021-09-14 23:45:00) for training date type consumption
2021-10-13 17:40:23,101:common.py:datetime_str_to_lag:converted datetime as string (28/10/2021 06:45:00) into 4155. lag timeframe
2021-10-13 17:40:23,105:common.py:last_training_date:returnes last available date (2021-09-14 23:45:00) for training date type consumption
2021-10-13 17:40:23,106:common.py:datetime_str_to_lag:converted datetime as string (29/10/2021 23:59:00) into 4319. lag timeframe
2021-10-13 17:40:23,107:common.py:get_latest_file:returned name of newest file (4.pickles) from Ressources\Models\ModelsAutoRegression\ModelsAutoRegressionConsumption\
2021-10-13 17:40:24,359:predictor.py:_get_prediction:ar model prediction type consumption created
2021-10-13 17:40:24,497:predictor.py:_production_consumption_ratio_prediction:production/consumption ratio from 28/10/2021 06:45:00 to 29/10/2021 23:59:00 calculated
2021-10-13 17:40:24,510:common.py:str_to_datetime:converted string (28/10/2021 06:45:00) to datetime object (2021-10-28 06:45:00)
2021-10-13 17:40:24,511:common.py:lag_to_datetime:converted 75. lag of training data into datetime object (29/10/2021 01:30:00)
2021-10-13 17:40:24,511:predictor.py:find_optimum:found best start time (29/10/2021 01:30:00) after 28/10/2021 06:45:00 with duration 180
2021-10-13 17:40:24,511:predictor.py:ar_prediction:ar model prediction done
2021-10-13 17:40:24,511:predictionhandler.py:run:returned machine learning-based suggestion (29/10/2021 01:30:00)
2021-10-13 17:40:24,512:routes.py:prediction:all validations successfull, returned prediction
2021-10-13 17:40:24,512:routes.py:get:send response for API call: ({'ideal start': '29/10/2021 01:30:00'}, 200)
